Arguments: 
  /usr/local/bin/node /usr/local/bin/yarn init

PATH: 
  /opt/homebrew/bin:/Library/Frameworks/Python.framework/Versions/3.9/bin:/usr/local/bin:/usr/bin:/bin:/usr/sbin:/sbin:/Library/Frameworks/Python.framework/Versions/3.9/bin

Yarn version: 
  1.22.11

Node version: 
  14.17.5

Platform: 
  darwin x64

Trace: 
  SyntaxError: /Users/geunak/Desktop/codecamp_3기_김근아/class_backend_quiz/package.json: Unexpected end of JSON input
      at JSON.parse (<anonymous>)
      at /usr/local/lib/node_modules/yarn/lib/cli.js:1625:59
      at Generator.next (<anonymous>)
      at step (/usr/local/lib/node_modules/yarn/lib/cli.js:310:30)
      at /usr/local/lib/node_modules/yarn/lib/cli.js:321:13

npm manifest: 
  

yarn manifest: 
  No manifest

Lockfile: 
  No lockfile
